f:\work_related\cocos_proj\ironcat\fatcatlua\frameworks\cocos2d-x\tools\simulator\libsimulator\proj.win32\debug.win32\cchttprequest.obj
f:\work_related\cocos_proj\ironcat\fatcatlua\frameworks\cocos2d-x\tools\simulator\libsimulator\proj.win32\debug.win32\playertaskservicewin.obj
f:\work_related\cocos_proj\ironcat\fatcatlua\frameworks\cocos2d-x\tools\simulator\libsimulator\proj.win32\debug.win32\appevent.obj
f:\work_related\cocos_proj\ironcat\fatcatlua\frameworks\cocos2d-x\tools\simulator\libsimulator\proj.win32\debug.win32\playerserviceprotocol.obj
f:\work_related\cocos_proj\ironcat\fatcatlua\frameworks\cocos2d-x\tools\simulator\libsimulator\proj.win32\debug.win32\playersettings.obj
f:\work_related\cocos_proj\ironcat\fatcatlua\frameworks\cocos2d-x\tools\simulator\libsimulator\proj.win32\debug.win32\playerutils.obj
f:\work_related\cocos_proj\ironcat\fatcatlua\frameworks\cocos2d-x\tools\simulator\libsimulator\proj.win32\debug.win32\extension_set.obj
f:\work_related\cocos_proj\ironcat\fatcatlua\frameworks\cocos2d-x\tools\simulator\libsimulator\proj.win32\debug.win32\coded_stream.obj
f:\work_related\cocos_proj\ironcat\fatcatlua\frameworks\cocos2d-x\tools\simulator\libsimulator\proj.win32\debug.win32\zero_copy_stream_impl_lite.obj
f:\work_related\cocos_proj\ironcat\fatcatlua\frameworks\cocos2d-x\tools\simulator\libsimulator\proj.win32\debug.win32\repeated_field.obj
f:\work_related\cocos_proj\ironcat\fatcatlua\frameworks\cocos2d-x\tools\simulator\libsimulator\proj.win32\debug.win32\atomicops_internals_x86_msvc.obj
f:\work_related\cocos_proj\ironcat\fatcatlua\frameworks\cocos2d-x\tools\simulator\libsimulator\proj.win32\debug.win32\once.obj
f:\work_related\cocos_proj\ironcat\fatcatlua\frameworks\cocos2d-x\tools\simulator\libsimulator\proj.win32\debug.win32\wire_format_lite.obj
f:\work_related\cocos_proj\ironcat\fatcatlua\frameworks\cocos2d-x\tools\simulator\libsimulator\proj.win32\debug.win32\connectwaitlayer.obj
f:\work_related\cocos_proj\ironcat\fatcatlua\frameworks\cocos2d-x\tools\simulator\libsimulator\proj.win32\debug.win32\protos.pb.obj
f:\work_related\cocos_proj\ironcat\fatcatlua\frameworks\cocos2d-x\tools\simulator\libsimulator\proj.win32\debug.win32\runtimeprotocol.obj
f:\work_related\cocos_proj\ironcat\fatcatlua\frameworks\cocos2d-x\tools\simulator\libsimulator\proj.win32\debug.win32\stdafx.obj
f:\work_related\cocos_proj\ironcat\fatcatlua\frameworks\cocos2d-x\tools\simulator\libsimulator\proj.win32\debug.win32\deviceex-win32.obj
f:\work_related\cocos_proj\ironcat\fatcatlua\frameworks\cocos2d-x\tools\simulator\libsimulator\proj.win32\debug.win32\playermenuservicewin.obj
f:\work_related\cocos_proj\ironcat\fatcatlua\frameworks\cocos2d-x\tools\simulator\libsimulator\proj.win32\debug.win32\projectconfig.obj
f:\work_related\cocos_proj\ironcat\fatcatlua\frameworks\cocos2d-x\tools\simulator\libsimulator\proj.win32\debug.win32\playermenuserviceprotocol.obj
f:\work_related\cocos_proj\ironcat\fatcatlua\frameworks\cocos2d-x\tools\simulator\libsimulator\proj.win32\debug.win32\generated_message_util.obj
f:\work_related\cocos_proj\ironcat\fatcatlua\frameworks\cocos2d-x\tools\simulator\libsimulator\proj.win32\debug.win32\zero_copy_stream.obj
f:\work_related\cocos_proj\ironcat\fatcatlua\frameworks\cocos2d-x\tools\simulator\libsimulator\proj.win32\debug.win32\message_lite.obj
f:\work_related\cocos_proj\ironcat\fatcatlua\frameworks\cocos2d-x\tools\simulator\libsimulator\proj.win32\debug.win32\atomicops_internals_x86_gcc.obj
f:\work_related\cocos_proj\ironcat\fatcatlua\frameworks\cocos2d-x\tools\simulator\libsimulator\proj.win32\debug.win32\common.obj
f:\work_related\cocos_proj\ironcat\fatcatlua\frameworks\cocos2d-x\tools\simulator\libsimulator\proj.win32\debug.win32\stringprintf.obj
f:\work_related\cocos_proj\ironcat\fatcatlua\frameworks\cocos2d-x\tools\simulator\libsimulator\proj.win32\debug.win32\configparser.obj
f:\work_related\cocos_proj\ironcat\fatcatlua\frameworks\cocos2d-x\tools\simulator\libsimulator\proj.win32\debug.win32\landscape_png.obj
f:\work_related\cocos_proj\ironcat\fatcatlua\frameworks\cocos2d-x\tools\simulator\libsimulator\proj.win32\debug.win32\playdisable_png.obj
f:\work_related\cocos_proj\ironcat\fatcatlua\frameworks\cocos2d-x\tools\simulator\libsimulator\proj.win32\debug.win32\playenable_png.obj
f:\work_related\cocos_proj\ironcat\fatcatlua\frameworks\cocos2d-x\tools\simulator\libsimulator\proj.win32\debug.win32\portrait_png.obj
f:\work_related\cocos_proj\ironcat\fatcatlua\frameworks\cocos2d-x\tools\simulator\libsimulator\proj.win32\debug.win32\runtime.obj
f:\work_related\cocos_proj\ironcat\fatcatlua\frameworks\cocos2d-x\tools\simulator\libsimulator\proj.win32\debug.win32\runtime_win32.obj
f:\work_related\cocos_proj\ironcat\fatcatlua\frameworks\cocos2d-x\tools\simulator\libsimulator\proj.win32\debug.win32\playereditboxservicewin.obj
f:\work_related\cocos_proj\ironcat\fatcatlua\frameworks\cocos2d-x\tools\simulator\libsimulator\proj.win32\debug.win32\playermessageboxservicewin.obj
f:\work_related\cocos_proj\ironcat\fatcatlua\frameworks\cocos2d-x\tools\simulator\libsimulator\proj.win32\debug.win32\simulatorconfig.obj
f:\work_related\cocos_proj\ironcat\fatcatlua\frameworks\cocos2d-x\tools\simulator\libsimulator\proj.win32\debug.win32\playerprotocol.obj
f:\work_related\cocos_proj\ironcat\fatcatlua\frameworks\cocos2d-x\tools\simulator\libsimulator\proj.win32\debug.win32\consolecommand.obj
f:\work_related\cocos_proj\ironcat\fatcatlua\frameworks\cocos2d-x\tools\simulator\libsimulator\proj.win32\debug.win32\runtimeccsimpl.obj
f:\work_related\cocos_proj\ironcat\fatcatlua\frameworks\cocos2d-x\tools\simulator\libsimulator\proj.win32\debug.win32\playerfiledialogservicewin.obj
f:\work_related\cocos_proj\ironcat\fatcatlua\frameworks\cocos2d-x\tools\simulator\libsimulator\proj.win32\debug.win32\playerwin.obj
f:\work_related\cocos_proj\ironcat\fatcatlua\frameworks\cocos2d-x\tools\simulator\libsimulator\proj.win32\debug.win32\applang.obj
f:\work_related\cocos_proj\ironcat\fatcatlua\frameworks\cocos2d-x\tools\simulator\libsimulator\proj.win32\debug.win32\playertaskserviceprotocol.obj
f:\work_related\cocos_proj\ironcat\fatcatlua\frameworks\cocos2d-x\tools\simulator\libsimulator\proj.win32\debug.win32\fileserver.obj
f:\work_related\cocos_proj\ironcat\fatcatlua\frameworks\cocos2d-x\tools\simulator\libsimulator\proj.win32\debug.win32\shine_png.obj
f:\work_related\cocos_proj\ironcat\fatcatlua\frameworks\cocos2d-x\tools\simulator\libsimulator\proj.win32\debug.win32\visiblerect.obj
f:\work_related\cocos_proj\ironcat\fatcatlua\frameworks\cocos2d-x\tools\simulator\libsimulator\proj.win32\debug.win32\vc120.pdb
f:\work_related\cocos_proj\ironcat\fatcatlua\frameworks\runtime-src\proj.win32\debug.win32\libsimulator.lib
f:\work_related\cocos_proj\ironcat\fatcatlua\frameworks\cocos2d-x\tools\simulator\libsimulator\proj.win32\debug.win32\libsimulator.tlog\cl.command.1.tlog
f:\work_related\cocos_proj\ironcat\fatcatlua\frameworks\cocos2d-x\tools\simulator\libsimulator\proj.win32\debug.win32\libsimulator.tlog\cl.read.1.tlog
f:\work_related\cocos_proj\ironcat\fatcatlua\frameworks\cocos2d-x\tools\simulator\libsimulator\proj.win32\debug.win32\libsimulator.tlog\cl.write.1.tlog
f:\work_related\cocos_proj\ironcat\fatcatlua\frameworks\cocos2d-x\tools\simulator\libsimulator\proj.win32\debug.win32\libsimulator.tlog\lib-link.read.1.tlog
f:\work_related\cocos_proj\ironcat\fatcatlua\frameworks\cocos2d-x\tools\simulator\libsimulator\proj.win32\debug.win32\libsimulator.tlog\lib-link.write.1.tlog
f:\work_related\cocos_proj\ironcat\fatcatlua\frameworks\cocos2d-x\tools\simulator\libsimulator\proj.win32\debug.win32\libsimulator.tlog\lib.command.1.tlog
